<?xml version="1.0" encoding="UTF-8"?>
<!-- Generated by org.testng.reporters.JUnitReportReporter -->
<testsuite hostname="DESKTOP-S0IDM29" failures="0" tests="3" name="testcases.Purchaseformtest" time="30.153" errors="0" timestamp="2025-10-22T12:19:50 IST" skipped="0">
  <testcase classname="testcases.Purchaseformtest" name="testEmptyNameField" time="6.879"/>
  <testcase classname="testcases.Purchaseformtest" name="testInvalidCardNumber" time="8.901"/>
  <testcase classname="testcases.Purchaseformtest" name="testValidDataSubmission" time="14.373"/>
</testsuite> <!-- testcases.Purchaseformtest -->
