<?xml version="1.0" encoding="UTF-8"?>
<!-- Generated by org.testng.reporters.JUnitReportReporter -->
<testsuite hostname="DESKTOP-S0IDM29" failures="0" tests="3" name="testcases.HomePageTest" time="15.483" errors="0" timestamp="2025-10-22T12:19:50 IST" skipped="0">
  <testcase classname="testcases.HomePageTest" name="testValidCitySelection" time="5.898"/>
  <testcase classname="testcases.HomePageTest" name="testSameCitySelection" time="5.970"/>
  <testcase classname="testcases.HomePageTest" name="testCitySelection" time="3.615"/>
</testsuite> <!-- testcases.HomePageTest -->
