<?xml version="1.0" encoding="UTF-8"?>
<!-- Generated by org.testng.reporters.JUnitReportReporter -->
<testsuite hostname="DESKTOP-S0IDM29" failures="0" tests="1" name="testcases.BlazeDemoTest" time="16.041" errors="0" timestamp="2025-10-22T12:19:50 IST" skipped="0">
  <testcase classname="testcases.BlazeDemoTest" name="completeFlightBookingFlow" time="16.041"/>
</testsuite> <!-- testcases.BlazeDemoTest -->
